[2025-07-24T10:11:24.134Z] [fileWatcher] [ERROR] Error processing file p1.csv
[2025-07-24T10:11:25.148Z] [fileWatcher] [ERROR] Error processing file p1.csv
[2025-07-24T10:11:34.336Z] [enhancedCSVProcessor] [ERROR] Error processing CSV file
[2025-07-24T10:11:34.337Z] [fileWatcher] [ERROR] Error processing file p1.csv
[2025-07-24T10:11:35.353Z] [enhancedCSVProcessor] [ERROR] Error processing CSV file
[2025-07-24T10:11:35.354Z] [fileWatcher] [ERROR] Error processing file p1.csv
[2025-07-24T10:12:24.553Z] [enhancedCSVProcessor] [ERROR] Error processing CSV file
[2025-07-24T10:12:24.555Z] [fileWatcher] [ERROR] Error processing file p1.csv
[2025-07-24T10:12:56.290Z] [enhancedCSVProcessor] [ERROR] Error processing CSV file
[2025-07-24T10:12:56.291Z] [fileWatcher] [ERROR] Error processing file p1.csv: Domain name is missing or not in the expected format in filename: p1.csv
Error: Domain name is missing or not in the expected format in filename: p1.csv
    at processCSVFile (C:\Users\2020r\dashboard\backend\utils\enhancedCSVProcessor.js:135:13)
    at FileWatcher.processNewFile (C:\Users\2020r\dashboard\backend\utils\fileWatcher.js:128:28)
    at async FileWatcher.processExistingFiles (C:\Users\2020r\dashboard\backend\utils\fileWatcher.js:84:11)
    at async FileWatcher.startWatching (C:\Users\2020r\dashboard\backend\utils\fileWatcher.js:26:7)
[2025-07-24T10:12:57.306Z] [enhancedCSVProcessor] [ERROR] Error processing CSV file
[2025-07-24T10:12:57.308Z] [fileWatcher] [ERROR] Error processing file p1.csv: Domain name is missing or not in the expected format in filename: p1.csv
Error: Domain name is missing or not in the expected format in filename: p1.csv
    at processCSVFile (C:\Users\2020r\dashboard\backend\utils\enhancedCSVProcessor.js:135:13)
    at FileWatcher.processNewFile (C:\Users\2020r\dashboard\backend\utils\fileWatcher.js:128:28)
    at async FSWatcher.<anonymous> (C:\Users\2020r\dashboard\backend\utils\fileWatcher.js:45:11)
[2025-07-24T10:13:05.594Z] [enhancedCSVProcessor] [ERROR] Error processing CSV file: Domain name is missing or not in the expected format in filename: p1.csv
Error: Domain name is missing or not in the expected format in filename: p1.csv
    at processCSVFile (C:\Users\2020r\dashboard\backend\utils\enhancedCSVProcessor.js:135:13)
    at FileWatcher.processNewFile (C:\Users\2020r\dashboard\backend\utils\fileWatcher.js:128:28)
    at async FileWatcher.processExistingFiles (C:\Users\2020r\dashboard\backend\utils\fileWatcher.js:84:11)
    at async FileWatcher.startWatching (C:\Users\2020r\dashboard\backend\utils\fileWatcher.js:26:7)
[2025-07-24T10:13:05.595Z] [fileWatcher] [ERROR] Error processing file p1.csv: Domain name is missing or not in the expected format in filename: p1.csv
Error: Domain name is missing or not in the expected format in filename: p1.csv
    at processCSVFile (C:\Users\2020r\dashboard\backend\utils\enhancedCSVProcessor.js:135:13)
    at FileWatcher.processNewFile (C:\Users\2020r\dashboard\backend\utils\fileWatcher.js:128:28)
    at async FileWatcher.processExistingFiles (C:\Users\2020r\dashboard\backend\utils\fileWatcher.js:84:11)
    at async FileWatcher.startWatching (C:\Users\2020r\dashboard\backend\utils\fileWatcher.js:26:7)
[2025-07-24T10:13:06.610Z] [enhancedCSVProcessor] [ERROR] Error processing CSV file: Domain name is missing or not in the expected format in filename: p1.csv
Error: Domain name is missing or not in the expected format in filename: p1.csv
    at processCSVFile (C:\Users\2020r\dashboard\backend\utils\enhancedCSVProcessor.js:135:13)
    at FileWatcher.processNewFile (C:\Users\2020r\dashboard\backend\utils\fileWatcher.js:128:28)
    at async FSWatcher.<anonymous> (C:\Users\2020r\dashboard\backend\utils\fileWatcher.js:45:11)
[2025-07-24T10:13:06.611Z] [fileWatcher] [ERROR] Error processing file p1.csv: Domain name is missing or not in the expected format in filename: p1.csv
Error: Domain name is missing or not in the expected format in filename: p1.csv
    at processCSVFile (C:\Users\2020r\dashboard\backend\utils\enhancedCSVProcessor.js:135:13)
    at FileWatcher.processNewFile (C:\Users\2020r\dashboard\backend\utils\fileWatcher.js:128:28)
    at async FSWatcher.<anonymous> (C:\Users\2020r\dashboard\backend\utils\fileWatcher.js:45:11)
[2025-07-24T10:44:40.615Z] [enhancedCSVProcessor] [ERROR] Error processing CSV file: Domain name is missing or not in the expected format in filename: p1.csv
Error: Domain name is missing or not in the expected format in filename: p1.csv
    at processCSVFile (C:\Users\2020r\dashboard\backend\utils\enhancedCSVProcessor.js:135:13)
    at FileWatcher.processNewFile (C:\Users\2020r\dashboard\backend\utils\fileWatcher.js:128:28)
    at async FSWatcher.<anonymous> (C:\Users\2020r\dashboard\backend\utils\fileWatcher.js:45:11)
[2025-07-24T10:44:40.617Z] [fileWatcher] [ERROR] Error processing file p1.csv: Domain name is missing or not in the expected format in filename: p1.csv
Error: Domain name is missing or not in the expected format in filename: p1.csv
    at processCSVFile (C:\Users\2020r\dashboard\backend\utils\enhancedCSVProcessor.js:135:13)
    at FileWatcher.processNewFile (C:\Users\2020r\dashboard\backend\utils\fileWatcher.js:128:28)
    at async FSWatcher.<anonymous> (C:\Users\2020r\dashboard\backend\utils\fileWatcher.js:45:11)
[2025-07-24T11:39:50.719Z] [enhancedCSVProcessor] [ERROR] Error processing CSV file: Domain name is missing or not in the expected format in filename: p1.csv
Error: Domain name is missing or not in the expected format in filename: p1.csv
    at processCSVFile (C:\Users\2020r\dashboard\backend\utils\enhancedCSVProcessor.js:135:13)
    at FileWatcher.processNewFile (C:\Users\2020r\dashboard\backend\utils\fileWatcher.js:128:28)
    at async FSWatcher.<anonymous> (C:\Users\2020r\dashboard\backend\utils\fileWatcher.js:45:11)
[2025-07-24T11:39:50.722Z] [fileWatcher] [ERROR] Error processing file p1.csv: Domain name is missing or not in the expected format in filename: p1.csv
Error: Domain name is missing or not in the expected format in filename: p1.csv
    at processCSVFile (C:\Users\2020r\dashboard\backend\utils\enhancedCSVProcessor.js:135:13)
    at FileWatcher.processNewFile (C:\Users\2020r\dashboard\backend\utils\fileWatcher.js:128:28)
    at async FSWatcher.<anonymous> (C:\Users\2020r\dashboard\backend\utils\fileWatcher.js:45:11)
[2025-07-24T11:43:00.570Z] [enhancedCSVProcessor] [ERROR] Error processing CSV file: Domain name is missing or not in the expected format in filename: ASi_.csv
Error: Domain name is missing or not in the expected format in filename: ASi_.csv
    at processCSVFile (C:\Users\2020r\dashboard\backend\utils\enhancedCSVProcessor.js:135:13)
    at FileWatcher.processNewFile (C:\Users\2020r\dashboard\backend\utils\fileWatcher.js:128:28)
    at async FSWatcher.<anonymous> (C:\Users\2020r\dashboard\backend\utils\fileWatcher.js:45:11)
[2025-07-24T11:43:00.573Z] [fileWatcher] [ERROR] Error processing file ASi_.csv: Domain name is missing or not in the expected format in filename: ASi_.csv
Error: Domain name is missing or not in the expected format in filename: ASi_.csv
    at processCSVFile (C:\Users\2020r\dashboard\backend\utils\enhancedCSVProcessor.js:135:13)
    at FileWatcher.processNewFile (C:\Users\2020r\dashboard\backend\utils\fileWatcher.js:128:28)
    at async FSWatcher.<anonymous> (C:\Users\2020r\dashboard\backend\utils\fileWatcher.js:45:11)
[2025-07-24T11:44:09.459Z] [enhancedCSVProcessor] [ERROR] Error processing CSV file: Domain name is missing or not in the expected format in filename: ASi_.csv
Error: Domain name is missing or not in the expected format in filename: ASi_.csv
    at processCSVFile (C:\Users\2020r\dashboard\backend\utils\enhancedCSVProcessor.js:135:13)
    at FileWatcher.processNewFile (C:\Users\2020r\dashboard\backend\utils\fileWatcher.js:128:28)
    at async FSWatcher.<anonymous> (C:\Users\2020r\dashboard\backend\utils\fileWatcher.js:45:11)
[2025-07-24T11:44:09.461Z] [fileWatcher] [ERROR] Error processing file ASi_.csv: Domain name is missing or not in the expected format in filename: ASi_.csv
Error: Domain name is missing or not in the expected format in filename: ASi_.csv
    at processCSVFile (C:\Users\2020r\dashboard\backend\utils\enhancedCSVProcessor.js:135:13)
    at FileWatcher.processNewFile (C:\Users\2020r\dashboard\backend\utils\fileWatcher.js:128:28)
    at async FSWatcher.<anonymous> (C:\Users\2020r\dashboard\backend\utils\fileWatcher.js:45:11)
[2025-07-24T11:46:57.256Z] [enhancedCSVProcessor] [ERROR] Error processing CSV file: Domain name is missing or not in the expected format in filename: ASi_.csv
Error: Domain name is missing or not in the expected format in filename: ASi_.csv
    at processCSVFile (C:\Users\2020r\dashboard\backend\utils\enhancedCSVProcessor.js:135:13)
    at FileWatcher.processNewFile (C:\Users\2020r\dashboard\backend\utils\fileWatcher.js:128:28)
    at async FileWatcher.processExistingFiles (C:\Users\2020r\dashboard\backend\utils\fileWatcher.js:84:11)
    at async FileWatcher.startWatching (C:\Users\2020r\dashboard\backend\utils\fileWatcher.js:26:7)
[2025-07-24T11:46:57.257Z] [fileWatcher] [ERROR] Error processing file ASi_.csv: Domain name is missing or not in the expected format in filename: ASi_.csv
Error: Domain name is missing or not in the expected format in filename: ASi_.csv
    at processCSVFile (C:\Users\2020r\dashboard\backend\utils\enhancedCSVProcessor.js:135:13)
    at FileWatcher.processNewFile (C:\Users\2020r\dashboard\backend\utils\fileWatcher.js:128:28)
    at async FileWatcher.processExistingFiles (C:\Users\2020r\dashboard\backend\utils\fileWatcher.js:84:11)
    at async FileWatcher.startWatching (C:\Users\2020r\dashboard\backend\utils\fileWatcher.js:26:7)
[2025-07-24T11:46:58.260Z] [enhancedCSVProcessor] [ERROR] Error processing CSV file: Domain name is missing or not in the expected format in filename: p1.csv
Error: Domain name is missing or not in the expected format in filename: p1.csv
    at processCSVFile (C:\Users\2020r\dashboard\backend\utils\enhancedCSVProcessor.js:135:13)
    at FileWatcher.processNewFile (C:\Users\2020r\dashboard\backend\utils\fileWatcher.js:128:28)
    at async FileWatcher.processExistingFiles (C:\Users\2020r\dashboard\backend\utils\fileWatcher.js:84:11)
    at async FileWatcher.startWatching (C:\Users\2020r\dashboard\backend\utils\fileWatcher.js:26:7)
[2025-07-24T11:46:58.262Z] [fileWatcher] [ERROR] Error processing file p1.csv: Domain name is missing or not in the expected format in filename: p1.csv
Error: Domain name is missing or not in the expected format in filename: p1.csv
    at processCSVFile (C:\Users\2020r\dashboard\backend\utils\enhancedCSVProcessor.js:135:13)
    at FileWatcher.processNewFile (C:\Users\2020r\dashboard\backend\utils\fileWatcher.js:128:28)
    at async FileWatcher.processExistingFiles (C:\Users\2020r\dashboard\backend\utils\fileWatcher.js:84:11)
    at async FileWatcher.startWatching (C:\Users\2020r\dashboard\backend\utils\fileWatcher.js:26:7)
[2025-07-24T11:46:59.275Z] [enhancedCSVProcessor] [ERROR] Error processing CSV file: Domain name is missing or not in the expected format in filename: ASi_.csv
Error: Domain name is missing or not in the expected format in filename: ASi_.csv
    at processCSVFile (C:\Users\2020r\dashboard\backend\utils\enhancedCSVProcessor.js:135:13)
    at FileWatcher.processNewFile (C:\Users\2020r\dashboard\backend\utils\fileWatcher.js:128:28)
    at runNextTicks (node:internal/process/task_queues:65:5)
    at listOnTimeout (node:internal/timers:555:9)
    at process.processTimers (node:internal/timers:529:7)
    at async FSWatcher.<anonymous> (C:\Users\2020r\dashboard\backend\utils\fileWatcher.js:45:11)
[2025-07-24T11:46:59.277Z] [fileWatcher] [ERROR] Error processing file ASi_.csv: Domain name is missing or not in the expected format in filename: ASi_.csv
Error: Domain name is missing or not in the expected format in filename: ASi_.csv
    at processCSVFile (C:\Users\2020r\dashboard\backend\utils\enhancedCSVProcessor.js:135:13)
    at FileWatcher.processNewFile (C:\Users\2020r\dashboard\backend\utils\fileWatcher.js:128:28)
    at runNextTicks (node:internal/process/task_queues:65:5)
    at listOnTimeout (node:internal/timers:555:9)
    at process.processTimers (node:internal/timers:529:7)
    at async FSWatcher.<anonymous> (C:\Users\2020r\dashboard\backend\utils\fileWatcher.js:45:11)
[2025-07-24T11:46:59.279Z] [enhancedCSVProcessor] [ERROR] Error processing CSV file: Domain name is missing or not in the expected format in filename: p1.csv
Error: Domain name is missing or not in the expected format in filename: p1.csv
    at processCSVFile (C:\Users\2020r\dashboard\backend\utils\enhancedCSVProcessor.js:135:13)
    at FileWatcher.processNewFile (C:\Users\2020r\dashboard\backend\utils\fileWatcher.js:128:28)
    at async FSWatcher.<anonymous> (C:\Users\2020r\dashboard\backend\utils\fileWatcher.js:45:11)
[2025-07-24T11:46:59.281Z] [fileWatcher] [ERROR] Error processing file p1.csv: Domain name is missing or not in the expected format in filename: p1.csv
Error: Domain name is missing or not in the expected format in filename: p1.csv
    at processCSVFile (C:\Users\2020r\dashboard\backend\utils\enhancedCSVProcessor.js:135:13)
    at FileWatcher.processNewFile (C:\Users\2020r\dashboard\backend\utils\fileWatcher.js:128:28)
    at async FSWatcher.<anonymous> (C:\Users\2020r\dashboard\backend\utils\fileWatcher.js:45:11)
[2025-07-24T12:17:34.683Z] [enhancedCSVProcessor] [ERROR] Error processing CSV file: Domain name is missing or not in the expected format in filename: ASi_.csv
Error: Domain name is missing or not in the expected format in filename: ASi_.csv
    at processCSVFile (C:\Users\2020r\dashboard\backend\utils\enhancedCSVProcessor.js:135:13)
    at FileWatcher.processNewFile (C:\Users\2020r\dashboard\backend\utils\fileWatcher.js:128:28)
    at async FSWatcher.<anonymous> (C:\Users\2020r\dashboard\backend\utils\fileWatcher.js:45:11)
[2025-07-24T12:17:34.685Z] [fileWatcher] [ERROR] Error processing file ASi_.csv: Domain name is missing or not in the expected format in filename: ASi_.csv
Error: Domain name is missing or not in the expected format in filename: ASi_.csv
    at processCSVFile (C:\Users\2020r\dashboard\backend\utils\enhancedCSVProcessor.js:135:13)
    at FileWatcher.processNewFile (C:\Users\2020r\dashboard\backend\utils\fileWatcher.js:128:28)
    at async FSWatcher.<anonymous> (C:\Users\2020r\dashboard\backend\utils\fileWatcher.js:45:11)
[2025-07-24T12:19:42.328Z] [enhancedCSVProcessor] [ERROR] Error processing CSV file: Domain name is missing or not in the expected format in filename: ASi_.csv
Error: Domain name is missing or not in the expected format in filename: ASi_.csv
    at processCSVFile (C:\Users\2020r\dashboard\backend\utils\enhancedCSVProcessor.js:135:13)
    at FileWatcher.processNewFile (C:\Users\2020r\dashboard\backend\utils\fileWatcher.js:128:28)
    at async FileWatcher.processExistingFiles (C:\Users\2020r\dashboard\backend\utils\fileWatcher.js:84:11)
    at async FileWatcher.startWatching (C:\Users\2020r\dashboard\backend\utils\fileWatcher.js:26:7)
[2025-07-24T12:19:42.330Z] [fileWatcher] [ERROR] Error processing file ASi_.csv: Domain name is missing or not in the expected format in filename: ASi_.csv
Error: Domain name is missing or not in the expected format in filename: ASi_.csv
    at processCSVFile (C:\Users\2020r\dashboard\backend\utils\enhancedCSVProcessor.js:135:13)
    at FileWatcher.processNewFile (C:\Users\2020r\dashboard\backend\utils\fileWatcher.js:128:28)
    at async FileWatcher.processExistingFiles (C:\Users\2020r\dashboard\backend\utils\fileWatcher.js:84:11)
    at async FileWatcher.startWatching (C:\Users\2020r\dashboard\backend\utils\fileWatcher.js:26:7)
[2025-07-24T12:19:43.342Z] [enhancedCSVProcessor] [ERROR] Error processing CSV file: Domain name is missing or not in the expected format in filename: p1.csv
Error: Domain name is missing or not in the expected format in filename: p1.csv
    at processCSVFile (C:\Users\2020r\dashboard\backend\utils\enhancedCSVProcessor.js:135:13)
    at FileWatcher.processNewFile (C:\Users\2020r\dashboard\backend\utils\fileWatcher.js:128:28)
    at async FileWatcher.processExistingFiles (C:\Users\2020r\dashboard\backend\utils\fileWatcher.js:84:11)
    at async FileWatcher.startWatching (C:\Users\2020r\dashboard\backend\utils\fileWatcher.js:26:7)
[2025-07-24T12:19:43.344Z] [fileWatcher] [ERROR] Error processing file p1.csv: Domain name is missing or not in the expected format in filename: p1.csv
Error: Domain name is missing or not in the expected format in filename: p1.csv
    at processCSVFile (C:\Users\2020r\dashboard\backend\utils\enhancedCSVProcessor.js:135:13)
    at FileWatcher.processNewFile (C:\Users\2020r\dashboard\backend\utils\fileWatcher.js:128:28)
    at async FileWatcher.processExistingFiles (C:\Users\2020r\dashboard\backend\utils\fileWatcher.js:84:11)
    at async FileWatcher.startWatching (C:\Users\2020r\dashboard\backend\utils\fileWatcher.js:26:7)
[2025-07-24T12:19:44.366Z] [enhancedCSVProcessor] [ERROR] Error processing CSV file: Domain name is missing or not in the expected format in filename: ASi_.csv
Error: Domain name is missing or not in the expected format in filename: ASi_.csv
    at processCSVFile (C:\Users\2020r\dashboard\backend\utils\enhancedCSVProcessor.js:135:13)
    at FileWatcher.processNewFile (C:\Users\2020r\dashboard\backend\utils\fileWatcher.js:128:28)
    at runNextTicks (node:internal/process/task_queues:65:5)
    at listOnTimeout (node:internal/timers:555:9)
    at process.processTimers (node:internal/timers:529:7)
    at async FSWatcher.<anonymous> (C:\Users\2020r\dashboard\backend\utils\fileWatcher.js:45:11)
[2025-07-24T12:19:44.367Z] [fileWatcher] [ERROR] Error processing file ASi_.csv: Domain name is missing or not in the expected format in filename: ASi_.csv
Error: Domain name is missing or not in the expected format in filename: ASi_.csv
    at processCSVFile (C:\Users\2020r\dashboard\backend\utils\enhancedCSVProcessor.js:135:13)
    at FileWatcher.processNewFile (C:\Users\2020r\dashboard\backend\utils\fileWatcher.js:128:28)
    at runNextTicks (node:internal/process/task_queues:65:5)
    at listOnTimeout (node:internal/timers:555:9)
    at process.processTimers (node:internal/timers:529:7)
    at async FSWatcher.<anonymous> (C:\Users\2020r\dashboard\backend\utils\fileWatcher.js:45:11)
[2025-07-24T12:19:44.370Z] [enhancedCSVProcessor] [ERROR] Error processing CSV file: Domain name is missing or not in the expected format in filename: p1.csv
Error: Domain name is missing or not in the expected format in filename: p1.csv
    at processCSVFile (C:\Users\2020r\dashboard\backend\utils\enhancedCSVProcessor.js:135:13)
    at FileWatcher.processNewFile (C:\Users\2020r\dashboard\backend\utils\fileWatcher.js:128:28)
    at async FSWatcher.<anonymous> (C:\Users\2020r\dashboard\backend\utils\fileWatcher.js:45:11)
[2025-07-24T12:19:44.371Z] [fileWatcher] [ERROR] Error processing file p1.csv: Domain name is missing or not in the expected format in filename: p1.csv
Error: Domain name is missing or not in the expected format in filename: p1.csv
    at processCSVFile (C:\Users\2020r\dashboard\backend\utils\enhancedCSVProcessor.js:135:13)
    at FileWatcher.processNewFile (C:\Users\2020r\dashboard\backend\utils\fileWatcher.js:128:28)
    at async FSWatcher.<anonymous> (C:\Users\2020r\dashboard\backend\utils\fileWatcher.js:45:11)
[2025-07-28T09:42:31.684Z] [enhancedCSVProcessor] [ERROR] Error processing domain CL
[2025-07-28T09:46:24.205Z] [enhancedCSVProcessor] [ERROR] Error processing domain CL
[2025-08-01T11:21:58.341Z] [enhancedCSVProcessor] [ERROR] Error processing CSV file: Domain name is missing or not in the expected format in filename: pp.csv
Error: Domain name is missing or not in the expected format in filename: pp.csv
    at processCSVFile (C:\Users\2020r\dashboard\backend\utils\enhancedCSVProcessor.js:137:13)
    at FileWatcher.processNewFile (C:\Users\2020r\dashboard\backend\utils\fileWatcher.js:118:28)
    at async FSWatcher.<anonymous> (C:\Users\2020r\dashboard\backend\utils\fileWatcher.js:45:11)
[2025-08-01T11:21:58.346Z] [fileWatcher] [ERROR] Error processing file pp.csv: Domain name is missing or not in the expected format in filename: pp.csv
Error: Domain name is missing or not in the expected format in filename: pp.csv
    at processCSVFile (C:\Users\2020r\dashboard\backend\utils\enhancedCSVProcessor.js:137:13)
    at FileWatcher.processNewFile (C:\Users\2020r\dashboard\backend\utils\fileWatcher.js:118:28)
    at async FSWatcher.<anonymous> (C:\Users\2020r\dashboard\backend\utils\fileWatcher.js:45:11)
[2025-08-01T11:34:20.227Z] [enhancedCSVProcessor] [ERROR] Error processing CSV file: Domain name is missing or not in the expected format in filename: pp.csv
Error: Domain name is missing or not in the expected format in filename: pp.csv
    at processCSVFile (C:\Users\2020r\dashboard\backend\utils\enhancedCSVProcessor.js:137:13)
    at FileWatcher.processNewFile (C:\Users\2020r\dashboard\backend\utils\fileWatcher.js:118:28)
    at async FileWatcher.processExistingFiles (C:\Users\2020r\dashboard\backend\utils\fileWatcher.js:81:11)
    at async FileWatcher.startWatching (C:\Users\2020r\dashboard\backend\utils\fileWatcher.js:26:7)
[2025-08-01T11:34:20.228Z] [fileWatcher] [ERROR] Error processing file pp.csv: Domain name is missing or not in the expected format in filename: pp.csv
Error: Domain name is missing or not in the expected format in filename: pp.csv
    at processCSVFile (C:\Users\2020r\dashboard\backend\utils\enhancedCSVProcessor.js:137:13)
    at FileWatcher.processNewFile (C:\Users\2020r\dashboard\backend\utils\fileWatcher.js:118:28)
    at async FileWatcher.processExistingFiles (C:\Users\2020r\dashboard\backend\utils\fileWatcher.js:81:11)
    at async FileWatcher.startWatching (C:\Users\2020r\dashboard\backend\utils\fileWatcher.js:26:7)
[2025-08-01T11:34:21.236Z] [enhancedCSVProcessor] [ERROR] Error processing CSV file: Domain name is missing or not in the expected format in filename: pp.csv
Error: Domain name is missing or not in the expected format in filename: pp.csv
    at processCSVFile (C:\Users\2020r\dashboard\backend\utils\enhancedCSVProcessor.js:137:13)
    at FileWatcher.processNewFile (C:\Users\2020r\dashboard\backend\utils\fileWatcher.js:118:28)
    at async FSWatcher.<anonymous> (C:\Users\2020r\dashboard\backend\utils\fileWatcher.js:45:11)
[2025-08-01T11:34:21.237Z] [fileWatcher] [ERROR] Error processing file pp.csv: Domain name is missing or not in the expected format in filename: pp.csv
Error: Domain name is missing or not in the expected format in filename: pp.csv
    at processCSVFile (C:\Users\2020r\dashboard\backend\utils\enhancedCSVProcessor.js:137:13)
    at FileWatcher.processNewFile (C:\Users\2020r\dashboard\backend\utils\fileWatcher.js:118:28)
    at async FSWatcher.<anonymous> (C:\Users\2020r\dashboard\backend\utils\fileWatcher.js:45:11)
[2025-08-01T11:35:11.934Z] [enhancedCSVProcessor] [ERROR] Error processing CSV file: Domain name is missing or not in the expected format in filename: pp.csv
Error: Domain name is missing or not in the expected format in filename: pp.csv
    at processCSVFile (C:\Users\2020r\dashboard\backend\utils\enhancedCSVProcessor.js:137:13)
    at FileWatcher.processNewFile (C:\Users\2020r\dashboard\backend\utils\fileWatcher.js:118:28)
    at async FileWatcher.processExistingFiles (C:\Users\2020r\dashboard\backend\utils\fileWatcher.js:81:11)
    at async FileWatcher.startWatching (C:\Users\2020r\dashboard\backend\utils\fileWatcher.js:26:7)
[2025-08-01T11:35:11.935Z] [fileWatcher] [ERROR] Error processing file pp.csv: Domain name is missing or not in the expected format in filename: pp.csv
Error: Domain name is missing or not in the expected format in filename: pp.csv
    at processCSVFile (C:\Users\2020r\dashboard\backend\utils\enhancedCSVProcessor.js:137:13)
    at FileWatcher.processNewFile (C:\Users\2020r\dashboard\backend\utils\fileWatcher.js:118:28)
    at async FileWatcher.processExistingFiles (C:\Users\2020r\dashboard\backend\utils\fileWatcher.js:81:11)
    at async FileWatcher.startWatching (C:\Users\2020r\dashboard\backend\utils\fileWatcher.js:26:7)
[2025-08-01T11:35:12.948Z] [enhancedCSVProcessor] [ERROR] Error processing CSV file: Domain name is missing or not in the expected format in filename: pp.csv
Error: Domain name is missing or not in the expected format in filename: pp.csv
    at processCSVFile (C:\Users\2020r\dashboard\backend\utils\enhancedCSVProcessor.js:137:13)
    at FileWatcher.processNewFile (C:\Users\2020r\dashboard\backend\utils\fileWatcher.js:118:28)
    at async FSWatcher.<anonymous> (C:\Users\2020r\dashboard\backend\utils\fileWatcher.js:45:11)
[2025-08-01T11:35:12.949Z] [fileWatcher] [ERROR] Error processing file pp.csv: Domain name is missing or not in the expected format in filename: pp.csv
Error: Domain name is missing or not in the expected format in filename: pp.csv
    at processCSVFile (C:\Users\2020r\dashboard\backend\utils\enhancedCSVProcessor.js:137:13)
    at FileWatcher.processNewFile (C:\Users\2020r\dashboard\backend\utils\fileWatcher.js:118:28)
    at async FSWatcher.<anonymous> (C:\Users\2020r\dashboard\backend\utils\fileWatcher.js:45:11)
[2025-08-01T13:14:58.058Z] [enhancedCSVProcessor] [ERROR] Error processing CSV file: Domain name is missing or not in the expected format in filename: pp.csv
Error: Domain name is missing or not in the expected format in filename: pp.csv
    at processCSVFile (C:\Users\2020r\dashboard\backend\utils\enhancedCSVProcessor.js:137:13)
    at FileWatcher.processNewFile (C:\Users\2020r\dashboard\backend\utils\fileWatcher.js:118:28)
    at async FileWatcher.processExistingFiles (C:\Users\2020r\dashboard\backend\utils\fileWatcher.js:81:11)
    at async FileWatcher.startWatching (C:\Users\2020r\dashboard\backend\utils\fileWatcher.js:26:7)
[2025-08-01T13:14:58.059Z] [fileWatcher] [ERROR] Error processing file pp.csv: Domain name is missing or not in the expected format in filename: pp.csv
Error: Domain name is missing or not in the expected format in filename: pp.csv
    at processCSVFile (C:\Users\2020r\dashboard\backend\utils\enhancedCSVProcessor.js:137:13)
    at FileWatcher.processNewFile (C:\Users\2020r\dashboard\backend\utils\fileWatcher.js:118:28)
    at async FileWatcher.processExistingFiles (C:\Users\2020r\dashboard\backend\utils\fileWatcher.js:81:11)
    at async FileWatcher.startWatching (C:\Users\2020r\dashboard\backend\utils\fileWatcher.js:26:7)
[2025-08-01T13:14:59.095Z] [enhancedCSVProcessor] [ERROR] Error processing CSV file: Domain name is missing or not in the expected format in filename: pp.csv
Error: Domain name is missing or not in the expected format in filename: pp.csv
    at processCSVFile (C:\Users\2020r\dashboard\backend\utils\enhancedCSVProcessor.js:137:13)
    at FileWatcher.processNewFile (C:\Users\2020r\dashboard\backend\utils\fileWatcher.js:118:28)
    at async FSWatcher.<anonymous> (C:\Users\2020r\dashboard\backend\utils\fileWatcher.js:45:11)
[2025-08-01T13:14:59.096Z] [fileWatcher] [ERROR] Error processing file pp.csv: Domain name is missing or not in the expected format in filename: pp.csv
Error: Domain name is missing or not in the expected format in filename: pp.csv
    at processCSVFile (C:\Users\2020r\dashboard\backend\utils\enhancedCSVProcessor.js:137:13)
    at FileWatcher.processNewFile (C:\Users\2020r\dashboard\backend\utils\fileWatcher.js:118:28)
    at async FSWatcher.<anonymous> (C:\Users\2020r\dashboard\backend\utils\fileWatcher.js:45:11)
[2025-08-01T13:15:13.165Z] [enhancedCSVProcessor] [ERROR] Error processing CSV file: Domain name is missing or not in the expected format in filename: pp.csv
Error: Domain name is missing or not in the expected format in filename: pp.csv
    at processCSVFile (C:\Users\2020r\dashboard\backend\utils\enhancedCSVProcessor.js:137:13)
    at FileWatcher.processNewFile (C:\Users\2020r\dashboard\backend\utils\fileWatcher.js:118:28)
    at async FileWatcher.processExistingFiles (C:\Users\2020r\dashboard\backend\utils\fileWatcher.js:81:11)
    at async FileWatcher.startWatching (C:\Users\2020r\dashboard\backend\utils\fileWatcher.js:26:7)
[2025-08-01T13:15:13.166Z] [fileWatcher] [ERROR] Error processing file pp.csv: Domain name is missing or not in the expected format in filename: pp.csv
Error: Domain name is missing or not in the expected format in filename: pp.csv
    at processCSVFile (C:\Users\2020r\dashboard\backend\utils\enhancedCSVProcessor.js:137:13)
    at FileWatcher.processNewFile (C:\Users\2020r\dashboard\backend\utils\fileWatcher.js:118:28)
    at async FileWatcher.processExistingFiles (C:\Users\2020r\dashboard\backend\utils\fileWatcher.js:81:11)
    at async FileWatcher.startWatching (C:\Users\2020r\dashboard\backend\utils\fileWatcher.js:26:7)
[2025-08-01T13:15:14.180Z] [enhancedCSVProcessor] [ERROR] Error processing CSV file: Domain name is missing or not in the expected format in filename: pp.csv
Error: Domain name is missing or not in the expected format in filename: pp.csv
    at processCSVFile (C:\Users\2020r\dashboard\backend\utils\enhancedCSVProcessor.js:137:13)
    at FileWatcher.processNewFile (C:\Users\2020r\dashboard\backend\utils\fileWatcher.js:118:28)
    at async FSWatcher.<anonymous> (C:\Users\2020r\dashboard\backend\utils\fileWatcher.js:45:11)
[2025-08-01T13:15:14.181Z] [fileWatcher] [ERROR] Error processing file pp.csv: Domain name is missing or not in the expected format in filename: pp.csv
Error: Domain name is missing or not in the expected format in filename: pp.csv
    at processCSVFile (C:\Users\2020r\dashboard\backend\utils\enhancedCSVProcessor.js:137:13)
    at FileWatcher.processNewFile (C:\Users\2020r\dashboard\backend\utils\fileWatcher.js:118:28)
    at async FSWatcher.<anonymous> (C:\Users\2020r\dashboard\backend\utils\fileWatcher.js:45:11)
[2025-08-01T13:15:21.636Z] [enhancedCSVProcessor] [ERROR] Error processing CSV file: Domain name is missing or not in the expected format in filename: pp.csv
Error: Domain name is missing or not in the expected format in filename: pp.csv
    at processCSVFile (C:\Users\2020r\dashboard\backend\utils\enhancedCSVProcessor.js:137:13)
    at FileWatcher.processNewFile (C:\Users\2020r\dashboard\backend\utils\fileWatcher.js:118:28)
    at async FileWatcher.processExistingFiles (C:\Users\2020r\dashboard\backend\utils\fileWatcher.js:81:11)
    at async FileWatcher.startWatching (C:\Users\2020r\dashboard\backend\utils\fileWatcher.js:26:7)
[2025-08-01T13:15:21.637Z] [fileWatcher] [ERROR] Error processing file pp.csv: Domain name is missing or not in the expected format in filename: pp.csv
Error: Domain name is missing or not in the expected format in filename: pp.csv
    at processCSVFile (C:\Users\2020r\dashboard\backend\utils\enhancedCSVProcessor.js:137:13)
    at FileWatcher.processNewFile (C:\Users\2020r\dashboard\backend\utils\fileWatcher.js:118:28)
    at async FileWatcher.processExistingFiles (C:\Users\2020r\dashboard\backend\utils\fileWatcher.js:81:11)
    at async FileWatcher.startWatching (C:\Users\2020r\dashboard\backend\utils\fileWatcher.js:26:7)
[2025-08-01T13:15:22.647Z] [enhancedCSVProcessor] [ERROR] Error processing CSV file: Domain name is missing or not in the expected format in filename: pp.csv
Error: Domain name is missing or not in the expected format in filename: pp.csv
    at processCSVFile (C:\Users\2020r\dashboard\backend\utils\enhancedCSVProcessor.js:137:13)
    at FileWatcher.processNewFile (C:\Users\2020r\dashboard\backend\utils\fileWatcher.js:118:28)
    at async FSWatcher.<anonymous> (C:\Users\2020r\dashboard\backend\utils\fileWatcher.js:45:11)
[2025-08-01T13:15:22.648Z] [fileWatcher] [ERROR] Error processing file pp.csv: Domain name is missing or not in the expected format in filename: pp.csv
Error: Domain name is missing or not in the expected format in filename: pp.csv
    at processCSVFile (C:\Users\2020r\dashboard\backend\utils\enhancedCSVProcessor.js:137:13)
    at FileWatcher.processNewFile (C:\Users\2020r\dashboard\backend\utils\fileWatcher.js:118:28)
    at async FSWatcher.<anonymous> (C:\Users\2020r\dashboard\backend\utils\fileWatcher.js:45:11)
[2025-08-05T08:54:50.535Z] [enhancedCSVProcessor] [ERROR] Error processing CSV file: Domain name is missing or not in the expected format in filename: rama.csv
Error: Domain name is missing or not in the expected format in filename: rama.csv
    at processCSVFile (C:\Users\2020r\dashboard\backend\utils\enhancedCSVProcessor.js:137:13)
    at FileWatcher.processNewFile (C:\Users\2020r\dashboard\backend\utils\fileWatcher.js:118:28)
    at async FSWatcher.<anonymous> (C:\Users\2020r\dashboard\backend\utils\fileWatcher.js:45:11)
[2025-08-05T08:54:50.536Z] [fileWatcher] [ERROR] Error processing file rama.csv: Domain name is missing or not in the expected format in filename: rama.csv
Error: Domain name is missing or not in the expected format in filename: rama.csv
    at processCSVFile (C:\Users\2020r\dashboard\backend\utils\enhancedCSVProcessor.js:137:13)
    at FileWatcher.processNewFile (C:\Users\2020r\dashboard\backend\utils\fileWatcher.js:118:28)
    at async FSWatcher.<anonymous> (C:\Users\2020r\dashboard\backend\utils\fileWatcher.js:45:11)
