[2025-07-24T07:17:51.675Z] [logs-api] [INFO] Logs cleared by user
[2025-07-24T09:53:16.690Z] [server] [INFO] Server started and listening for connections
[2025-07-24T09:53:34.670Z] [server] [INFO] Server started and listening for connections
[2025-07-24T09:55:41.731Z] [server] [INFO] Server started and listening for connections
[2025-07-24T10:01:06.998Z] [server] [INFO] Server started and listening for connections
[2025-07-24T10:03:17.113Z] [server] [INFO] Server started and listening for connections
[2025-07-24T10:06:42.758Z] [server] [INFO] Server started and listening for connections
[2025-07-24T10:09:52.228Z] [server] [INFO] Server started and listening for connections
[2025-07-24T10:11:23.117Z] [server] [INFO] Server started and listening for connections
[2025-07-24T10:11:33.336Z] [server] [INFO] Server started and listening for connections
[2025-07-24T10:12:55.285Z] [server] [INFO] Server started and listening for connections
[2025-07-24T10:13:04.592Z] [server] [INFO] Server started and listening for connections
[2025-07-24T11:46:56.246Z] [server] [INFO] Server started and listening for connections
[2025-07-24T12:19:41.325Z] [server] [INFO] Server started and listening for connections
[2025-07-24T12:48:26.727Z] [server] [INFO] Server started and listening for connections
[2025-07-24T12:54:42.284Z] [server] [INFO] Server started and listening for connections
[2025-07-24T12:56:23.990Z] [server] [INFO] Server started and listening for connections
[2025-07-24T12:56:48.762Z] [server] [INFO] Server started and listening for connections
[2025-07-25T08:05:39.848Z] [server] [INFO] Server started and listening for connections
[2025-07-25T08:13:41.992Z] [server] [INFO] Server started and listening for connections
[2025-07-25T08:14:24.810Z] [server] [INFO] Server started and listening for connections
[2025-07-25T08:15:48.583Z] [server] [INFO] Server started and listening for connections
[2025-07-25T11:21:43.002Z] [server] [INFO] Server started and listening for connections
[2025-07-25T11:26:23.549Z] [fileWatcher] [INFO] Scanning for existing CSV files...
[2025-07-25T11:26:23.552Z] [fileWatcher] [INFO] No existing CSV files found in directory
[2025-07-25T11:26:23.558Z] [server] [INFO] Server started and listening for connections
[2025-07-25T11:26:23.560Z] [server] [INFO] File watcher initialized successfully
[2025-07-25T11:26:23.589Z] [fileWatcher] [INFO] File watcher is ready and monitoring for new CSV files...
[2025-07-25T11:28:51.055Z] [socket] [INFO] New client connected to log stream
[2025-07-25T11:29:06.847Z] [socket] [INFO] Client disconnected from log stream
[2025-07-25T11:31:02.770Z] [fileWatcher] [INFO] New file detected: P1_dv.csv
[2025-07-25T11:31:03.787Z] [fileWatcher] [INFO] Processing file: P1_dv.csv
[2025-07-25T11:31:03.851Z] [fileWatcher] [INFO] Processing result: {"total_rows":3,"mapped_rows":3,"unmapped_rows":0,"mapping_stats":{"high_confidence":3,"medium_confidence":0,"low_confidence":0,"none_confidence":0},"processing_results":[{"domain":"DV","rows_processed":3,"success":true,"result":{"processed":0,"skipped":0,"errors":3,"total":3}}],"unmapped_samples":[]}
[2025-07-25T11:31:03.856Z] [fileWatcher] [INFO] Archived: P1_dv.csv → P1_dv.csv_processed_2025-07-25T11-31-03-853Z.csv
[2025-07-25T11:31:03.976Z] [fileWatcher] [INFO] File removed: P1_dv.csv
[2025-07-25T11:31:26.894Z] [socket] [INFO] New client connected to log stream
[2025-07-25T11:32:03.586Z] [fileWatcher] [INFO] New file detected: P1_pd.csv
[2025-07-25T11:32:04.588Z] [fileWatcher] [INFO] Processing file: P1_pd.csv
[2025-07-25T11:32:04.655Z] [fileWatcher] [INFO] Processing result: {"total_rows":3,"mapped_rows":3,"unmapped_rows":0,"mapping_stats":{"high_confidence":3,"medium_confidence":0,"low_confidence":0,"none_confidence":0},"processing_results":[{"domain":"PD","rows_processed":3,"success":true,"result":{"processed":3,"skipped":0,"errors":0,"total":3}}],"unmapped_samples":[]}
[2025-07-25T11:32:04.657Z] [fileWatcher] [INFO] Archived: P1_pd.csv → P1_pd.csv_processed_2025-07-25T11-32-04-656Z.csv
[2025-07-25T11:32:04.760Z] [fileWatcher] [INFO] File removed: P1_pd.csv
[2025-07-25T11:33:07.682Z] [socket] [INFO] Client disconnected from log stream
[2025-07-28T09:16:39.486Z] [fileWatcher] [INFO] Scanning for existing CSV files...
[2025-07-28T09:16:39.489Z] [fileWatcher] [INFO] No existing CSV files found in directory
[2025-07-28T09:16:39.495Z] [server] [INFO] Server started and listening for connections
[2025-07-28T09:16:39.497Z] [server] [INFO] File watcher initialized successfully
[2025-07-28T09:16:39.508Z] [fileWatcher] [INFO] File watcher is ready and monitoring for new CSV files...
[2025-07-28T09:21:04.543Z] [socket] [INFO] New client connected to log stream
[2025-07-28T09:21:05.208Z] [socket] [INFO] Client disconnected from log stream
[2025-07-28T09:24:23.018Z] [fileWatcher] [INFO] Scanning for existing CSV files...
[2025-07-28T09:24:23.021Z] [fileWatcher] [INFO] No existing CSV files found in directory
[2025-07-28T09:24:23.026Z] [server] [INFO] Server started and listening for connections
[2025-07-28T09:24:23.029Z] [server] [INFO] File watcher initialized successfully
[2025-07-28T09:24:23.058Z] [fileWatcher] [INFO] File watcher is ready and monitoring for new CSV files...
[2025-07-28T09:24:27.195Z] [fileWatcher] [INFO] Scanning for existing CSV files...
[2025-07-28T09:24:27.197Z] [fileWatcher] [INFO] No existing CSV files found in directory
[2025-07-28T09:24:27.202Z] [server] [INFO] Server started and listening for connections
[2025-07-28T09:24:27.204Z] [server] [INFO] File watcher initialized successfully
[2025-07-28T09:24:27.229Z] [fileWatcher] [INFO] File watcher is ready and monitoring for new CSV files...
[2025-07-28T09:24:37.354Z] [fileWatcher] [INFO] Scanning for existing CSV files...
[2025-07-28T09:24:37.356Z] [fileWatcher] [INFO] No existing CSV files found in directory
[2025-07-28T09:24:37.361Z] [server] [INFO] Server started and listening for connections
[2025-07-28T09:24:37.363Z] [server] [INFO] File watcher initialized successfully
[2025-07-28T09:24:37.386Z] [fileWatcher] [INFO] File watcher is ready and monitoring for new CSV files...
[2025-07-28T09:24:49.024Z] [fileWatcher] [INFO] Scanning for existing CSV files...
[2025-07-28T09:24:49.028Z] [fileWatcher] [INFO] No existing CSV files found in directory
[2025-07-28T09:24:49.035Z] [server] [INFO] Server started and listening for connections
[2025-07-28T09:24:49.037Z] [server] [INFO] File watcher initialized successfully
[2025-07-28T09:24:49.051Z] [fileWatcher] [INFO] File watcher is ready and monitoring for new CSV files...
[2025-07-28T09:25:57.636Z] [fileWatcher] [INFO] Scanning for existing CSV files...
[2025-07-28T09:25:57.638Z] [fileWatcher] [INFO] No existing CSV files found in directory
[2025-07-28T09:25:57.643Z] [server] [INFO] Server started and listening for connections
[2025-07-28T09:25:57.645Z] [server] [INFO] File watcher initialized successfully
[2025-07-28T09:25:57.668Z] [fileWatcher] [INFO] File watcher is ready and monitoring for new CSV files...
[2025-07-28T09:27:42.419Z] [fileWatcher] [INFO] Scanning for existing CSV files...
[2025-07-28T09:27:42.422Z] [fileWatcher] [INFO] No existing CSV files found in directory
[2025-07-28T09:27:42.427Z] [server] [INFO] Server started and listening for connections
[2025-07-28T09:27:42.429Z] [server] [INFO] File watcher initialized successfully
[2025-07-28T09:27:42.462Z] [fileWatcher] [INFO] File watcher is ready and monitoring for new CSV files...
[2025-07-28T09:27:46.168Z] [fileWatcher] [INFO] Scanning for existing CSV files...
[2025-07-28T09:27:46.171Z] [fileWatcher] [INFO] No existing CSV files found in directory
[2025-07-28T09:27:46.176Z] [server] [INFO] Server started and listening for connections
[2025-07-28T09:27:46.177Z] [server] [INFO] File watcher initialized successfully
[2025-07-28T09:27:46.204Z] [fileWatcher] [INFO] File watcher is ready and monitoring for new CSV files...
[2025-07-28T09:29:20.862Z] [fileWatcher] [INFO] New file detected: ASi_cl.csv
[2025-07-28T09:29:21.877Z] [fileWatcher] [INFO] Processing file: ASi_cl.csv
[2025-07-28T09:29:21.937Z] [fileWatcher] [INFO] Processing result: {"total_rows":11,"mapped_rows":11,"unmapped_rows":0,"mapping_stats":{"high_confidence":11,"medium_confidence":0,"low_confidence":0,"none_confidence":0},"processing_results":[{"domain":"CL","rows_processed":11,"success":true,"result":{"processed":0,"skipped":0,"errors":11,"total":11}}],"unmapped_samples":[]}
[2025-07-28T09:29:21.939Z] [fileWatcher] [INFO] Archived: ASi_cl.csv → ASi_cl.csv_processed_2025-07-28T09-29-21-938Z.csv
[2025-07-28T09:29:22.047Z] [fileWatcher] [INFO] File removed: ASi_cl.csv
[2025-07-28T09:29:32.373Z] [socket] [INFO] New client connected to log stream
[2025-07-28T09:29:39.017Z] [socket] [INFO] Client disconnected from log stream
[2025-07-28T09:29:43.449Z] [socket] [INFO] New client connected to log stream
[2025-07-28T09:31:22.424Z] [socket] [INFO] Client disconnected from log stream
[2025-07-28T09:40:20.506Z] [fileWatcher] [INFO] New file detected: ASi_cl.csv
[2025-07-28T09:40:21.507Z] [fileWatcher] [INFO] Processing file: ASi_cl.csv
[2025-07-28T09:40:21.523Z] [fileWatcher] [INFO] Processing result: {"total_rows":5,"mapped_rows":5,"unmapped_rows":0,"mapping_stats":{"high_confidence":5,"medium_confidence":0,"low_confidence":0,"none_confidence":0},"processing_results":[{"domain":"CL","rows_processed":5,"success":true,"result":{"processed":0,"skipped":0,"errors":5,"total":5}}],"unmapped_samples":[]}
[2025-07-28T09:40:21.525Z] [fileWatcher] [INFO] Archived: ASi_cl.csv → ASi_cl.csv_processed_2025-07-28T09-40-21-524Z.csv
[2025-07-28T09:40:21.634Z] [fileWatcher] [INFO] File removed: ASi_cl.csv
[2025-07-28T09:41:44.852Z] [fileWatcher] [INFO] Scanning for existing CSV files...
[2025-07-28T09:41:44.854Z] [fileWatcher] [INFO] No existing CSV files found in directory
[2025-07-28T09:41:44.859Z] [server] [INFO] Server started and listening for connections
[2025-07-28T09:41:44.860Z] [server] [INFO] File watcher initialized successfully
[2025-07-28T09:41:44.888Z] [fileWatcher] [INFO] File watcher is ready and monitoring for new CSV files...
[2025-07-28T09:42:09.503Z] [fileWatcher] [INFO] Scanning for existing CSV files...
[2025-07-28T09:42:09.506Z] [fileWatcher] [INFO] No existing CSV files found in directory
[2025-07-28T09:42:09.510Z] [server] [INFO] Server started and listening for connections
[2025-07-28T09:42:09.511Z] [server] [INFO] File watcher initialized successfully
[2025-07-28T09:42:09.543Z] [fileWatcher] [INFO] File watcher is ready and monitoring for new CSV files...
[2025-07-28T09:42:20.040Z] [fileWatcher] [INFO] Scanning for existing CSV files...
[2025-07-28T09:42:20.043Z] [fileWatcher] [INFO] No existing CSV files found in directory
[2025-07-28T09:42:20.047Z] [server] [INFO] Server started and listening for connections
[2025-07-28T09:42:20.049Z] [server] [INFO] File watcher initialized successfully
[2025-07-28T09:42:20.074Z] [fileWatcher] [INFO] File watcher is ready and monitoring for new CSV files...
[2025-07-28T09:42:29.755Z] [fileWatcher] [INFO] New file detected: ASi_cl.csv
[2025-07-28T09:42:30.642Z] [fileWatcher] [INFO] Scanning for existing CSV files...
[2025-07-28T09:42:30.645Z] [fileWatcher] [INFO] Found 1 existing CSV file(s)
[2025-07-28T09:42:30.649Z] [server] [INFO] Server started and listening for connections
[2025-07-28T09:42:31.654Z] [fileWatcher] [INFO] Processing file: ASi_cl.csv
[2025-07-28T09:42:31.688Z] [fileWatcher] [INFO] Processing result: {"total_rows":5,"mapped_rows":5,"unmapped_rows":0,"mapping_stats":{"high_confidence":5,"medium_confidence":0,"low_confidence":0,"none_confidence":0},"processing_results":[{"domain":"CL","rows_processed":5,"success":false,"error":"insertData is not defined"}],"unmapped_samples":[]}
[2025-07-28T09:42:31.691Z] [fileWatcher] [INFO] Archived: ASi_cl.csv → ASi_cl.csv_processed_2025-07-28T09-42-31-690Z.csv
[2025-07-28T09:42:31.694Z] [server] [INFO] File watcher initialized successfully
[2025-07-28T09:42:31.701Z] [fileWatcher] [INFO] File watcher is ready and monitoring for new CSV files...
[2025-07-28T09:42:44.053Z] [fileWatcher] [INFO] Scanning for existing CSV files...
[2025-07-28T09:42:44.055Z] [fileWatcher] [INFO] No existing CSV files found in directory
[2025-07-28T09:42:44.060Z] [server] [INFO] Server started and listening for connections
[2025-07-28T09:42:44.061Z] [server] [INFO] File watcher initialized successfully
[2025-07-28T09:42:44.087Z] [fileWatcher] [INFO] File watcher is ready and monitoring for new CSV files...
[2025-07-28T09:43:06.116Z] [socket] [INFO] New client connected to log stream
[2025-07-28T09:43:06.999Z] [socket] [INFO] Client disconnected from log stream
[2025-07-28T09:44:22.795Z] [fileWatcher] [INFO] Scanning for existing CSV files...
[2025-07-28T09:44:22.797Z] [fileWatcher] [INFO] No existing CSV files found in directory
[2025-07-28T09:44:22.803Z] [server] [INFO] Server started and listening for connections
[2025-07-28T09:44:22.805Z] [server] [INFO] File watcher initialized successfully
[2025-07-28T09:44:22.837Z] [fileWatcher] [INFO] File watcher is ready and monitoring for new CSV files...
[2025-07-28T09:44:43.887Z] [fileWatcher] [INFO] Scanning for existing CSV files...
[2025-07-28T09:44:43.890Z] [fileWatcher] [INFO] No existing CSV files found in directory
[2025-07-28T09:44:43.894Z] [server] [INFO] Server started and listening for connections
[2025-07-28T09:44:43.896Z] [server] [INFO] File watcher initialized successfully
[2025-07-28T09:44:43.923Z] [fileWatcher] [INFO] File watcher is ready and monitoring for new CSV files...
[2025-07-28T09:45:00.573Z] [fileWatcher] [INFO] Scanning for existing CSV files...
[2025-07-28T09:45:00.577Z] [fileWatcher] [INFO] No existing CSV files found in directory
[2025-07-28T09:45:00.581Z] [server] [INFO] Server started and listening for connections
[2025-07-28T09:45:00.583Z] [server] [INFO] File watcher initialized successfully
[2025-07-28T09:45:00.612Z] [fileWatcher] [INFO] File watcher is ready and monitoring for new CSV files...
[2025-07-28T09:46:23.174Z] [fileWatcher] [INFO] New file detected: ASi_cl.csv
[2025-07-28T09:46:24.180Z] [fileWatcher] [INFO] Processing file: ASi_cl.csv
[2025-07-28T09:46:24.206Z] [fileWatcher] [INFO] Processing result: {"total_rows":5,"mapped_rows":5,"unmapped_rows":0,"mapping_stats":{"high_confidence":5,"medium_confidence":0,"low_confidence":0,"none_confidence":0},"processing_results":[{"domain":"CL","rows_processed":5,"success":false,"error":"insertData is not defined"}],"unmapped_samples":[]}
[2025-07-28T09:46:24.208Z] [fileWatcher] [INFO] Archived: ASi_cl.csv → ASi_cl.csv_processed_2025-07-28T09-46-24-207Z.csv
[2025-07-28T09:46:24.326Z] [fileWatcher] [INFO] File removed: ASi_cl.csv
[2025-07-28T09:46:50.985Z] [fileWatcher] [INFO] Scanning for existing CSV files...
[2025-07-28T09:46:50.987Z] [fileWatcher] [INFO] No existing CSV files found in directory
[2025-07-28T09:46:50.991Z] [server] [INFO] Server started and listening for connections
[2025-07-28T09:46:50.993Z] [server] [INFO] File watcher initialized successfully
[2025-07-28T09:46:51.022Z] [fileWatcher] [INFO] File watcher is ready and monitoring for new CSV files...
[2025-07-28T09:47:13.874Z] [fileWatcher] [INFO] New file detected: ASi_cl.csv
[2025-07-28T09:47:14.877Z] [fileWatcher] [INFO] Processing file: ASi_cl.csv
[2025-07-28T09:47:14.942Z] [fileWatcher] [INFO] Processing result: {"total_rows":5,"mapped_rows":5,"unmapped_rows":0,"mapping_stats":{"high_confidence":5,"medium_confidence":0,"low_confidence":0,"none_confidence":0},"processing_results":[{"domain":"CL","rows_processed":5,"success":true,"result":{"processed":5,"skipped":0,"errors":0,"total":5}}],"unmapped_samples":[]}
[2025-07-28T09:47:14.945Z] [fileWatcher] [INFO] Archived: ASi_cl.csv → ASi_cl.csv_processed_2025-07-28T09-47-14-944Z.csv
[2025-07-28T09:47:15.063Z] [fileWatcher] [INFO] File removed: ASi_cl.csv
[2025-07-28T09:50:07.579Z] [fileWatcher] [INFO] Scanning for existing CSV files...
[2025-07-28T09:50:07.583Z] [fileWatcher] [INFO] No existing CSV files found in directory
[2025-07-28T09:50:07.591Z] [server] [INFO] Server started and listening for connections
[2025-07-28T09:50:07.593Z] [server] [INFO] File watcher initialized successfully
[2025-07-28T09:50:07.627Z] [fileWatcher] [INFO] File watcher is ready and monitoring for new CSV files...
[2025-07-28T09:50:11.373Z] [fileWatcher] [INFO] Scanning for existing CSV files...
[2025-07-28T09:50:11.375Z] [fileWatcher] [INFO] No existing CSV files found in directory
[2025-07-28T09:50:11.379Z] [server] [INFO] Server started and listening for connections
[2025-07-28T09:50:11.381Z] [server] [INFO] File watcher initialized successfully
[2025-07-28T09:50:11.409Z] [fileWatcher] [INFO] File watcher is ready and monitoring for new CSV files...
[2025-07-28T09:58:42.765Z] [fileWatcher] [INFO] Scanning for existing CSV files...
[2025-07-28T09:58:42.768Z] [fileWatcher] [INFO] No existing CSV files found in directory
[2025-07-28T09:58:42.774Z] [server] [INFO] Server started and listening for connections
[2025-07-28T09:58:42.775Z] [server] [INFO] File watcher initialized successfully
[2025-07-28T09:58:42.800Z] [fileWatcher] [INFO] File watcher is ready and monitoring for new CSV files...
[2025-07-28T09:59:07.223Z] [fileWatcher] [INFO] Scanning for existing CSV files...
[2025-07-28T09:59:07.227Z] [fileWatcher] [INFO] No existing CSV files found in directory
[2025-07-28T09:59:07.231Z] [server] [INFO] Server started and listening for connections
[2025-07-28T09:59:07.234Z] [server] [INFO] File watcher initialized successfully
[2025-07-28T09:59:07.255Z] [fileWatcher] [INFO] File watcher is ready and monitoring for new CSV files...
[2025-07-28T09:59:23.675Z] [fileWatcher] [INFO] Scanning for existing CSV files...
[2025-07-28T09:59:23.678Z] [fileWatcher] [INFO] No existing CSV files found in directory
[2025-07-28T09:59:23.682Z] [server] [INFO] Server started and listening for connections
[2025-07-28T09:59:23.684Z] [server] [INFO] File watcher initialized successfully
[2025-07-28T09:59:23.711Z] [fileWatcher] [INFO] File watcher is ready and monitoring for new CSV files...
[2025-07-28T09:59:45.625Z] [fileWatcher] [INFO] Scanning for existing CSV files...
[2025-07-28T09:59:45.627Z] [fileWatcher] [INFO] No existing CSV files found in directory
[2025-07-28T09:59:45.632Z] [server] [INFO] Server started and listening for connections
[2025-07-28T09:59:45.634Z] [server] [INFO] File watcher initialized successfully
[2025-07-28T09:59:45.662Z] [fileWatcher] [INFO] File watcher is ready and monitoring for new CSV files...
[2025-07-28T09:59:56.812Z] [fileWatcher] [INFO] Scanning for existing CSV files...
[2025-07-28T09:59:56.814Z] [fileWatcher] [INFO] No existing CSV files found in directory
[2025-07-28T09:59:56.819Z] [server] [INFO] Server started and listening for connections
[2025-07-28T09:59:56.820Z] [server] [INFO] File watcher initialized successfully
[2025-07-28T09:59:56.841Z] [fileWatcher] [INFO] File watcher is ready and monitoring for new CSV files...
[2025-07-28T10:01:02.341Z] [fileWatcher] [INFO] Scanning for existing CSV files...
[2025-07-28T10:01:02.344Z] [fileWatcher] [INFO] No existing CSV files found in directory
[2025-07-28T10:01:02.348Z] [server] [INFO] Server started and listening for connections
[2025-07-28T10:01:02.351Z] [server] [INFO] File watcher initialized successfully
[2025-07-28T10:01:02.381Z] [fileWatcher] [INFO] File watcher is ready and monitoring for new CSV files...
[2025-07-28T10:01:49.085Z] [fileWatcher] [INFO] Scanning for existing CSV files...
[2025-07-28T10:01:49.087Z] [fileWatcher] [INFO] No existing CSV files found in directory
[2025-07-28T10:01:49.092Z] [server] [INFO] Server started and listening for connections
[2025-07-28T10:01:49.094Z] [server] [INFO] File watcher initialized successfully
[2025-07-28T10:01:49.124Z] [fileWatcher] [INFO] File watcher is ready and monitoring for new CSV files...
[2025-07-28T10:02:59.468Z] [fileWatcher] [INFO] Scanning for existing CSV files...
[2025-07-28T10:02:59.471Z] [fileWatcher] [INFO] No existing CSV files found in directory
[2025-07-28T10:02:59.475Z] [server] [INFO] Server started and listening for connections
[2025-07-28T10:02:59.477Z] [server] [INFO] File watcher initialized successfully
[2025-07-28T10:02:59.500Z] [fileWatcher] [INFO] File watcher is ready and monitoring for new CSV files...
[2025-07-28T10:06:54.061Z] [fileWatcher] [INFO] Scanning for existing CSV files...
[2025-07-28T10:06:54.064Z] [fileWatcher] [INFO] No existing CSV files found in directory
[2025-07-28T10:06:54.068Z] [server] [INFO] Server started and listening for connections
[2025-07-28T10:06:54.071Z] [server] [INFO] File watcher initialized successfully
[2025-07-28T10:06:54.097Z] [fileWatcher] [INFO] File watcher is ready and monitoring for new CSV files...
[2025-07-28T10:14:22.453Z] [fileWatcher] [INFO] Scanning for existing CSV files...
[2025-07-28T10:14:22.455Z] [fileWatcher] [INFO] No existing CSV files found in directory
[2025-07-28T10:14:22.460Z] [server] [INFO] Server started and listening for connections
[2025-07-28T10:14:22.461Z] [server] [INFO] File watcher initialized successfully
[2025-07-28T10:14:22.487Z] [fileWatcher] [INFO] File watcher is ready and monitoring for new CSV files...
[2025-07-28T10:15:36.521Z] [fileWatcher] [INFO] Scanning for existing CSV files...
[2025-07-28T10:15:36.523Z] [fileWatcher] [INFO] No existing CSV files found in directory
[2025-07-28T10:15:36.528Z] [server] [INFO] Server started and listening for connections
[2025-07-28T10:15:36.530Z] [server] [INFO] File watcher initialized successfully
[2025-07-28T10:15:36.556Z] [fileWatcher] [INFO] File watcher is ready and monitoring for new CSV files...
[2025-07-28T10:16:12.694Z] [server] [INFO] Server closed
[2025-07-28T10:16:14.430Z] [fileWatcher] [INFO] Scanning for existing CSV files...
[2025-07-28T10:16:14.433Z] [fileWatcher] [INFO] No existing CSV files found in directory
[2025-07-28T10:16:14.437Z] [server] [INFO] Server started and listening for connections
[2025-07-28T10:16:14.439Z] [server] [INFO] File watcher initialized successfully
[2025-07-28T10:16:14.466Z] [fileWatcher] [INFO] File watcher is ready and monitoring for new CSV files...
[2025-07-28T10:16:58.828Z] [fileWatcher] [INFO] Scanning for existing CSV files...
[2025-07-28T10:16:58.831Z] [fileWatcher] [INFO] No existing CSV files found in directory
[2025-07-28T10:16:58.837Z] [server] [INFO] Server started and listening for connections
[2025-07-28T10:16:58.839Z] [server] [INFO] File watcher initialized successfully
[2025-07-28T10:16:58.870Z] [fileWatcher] [INFO] File watcher is ready and monitoring for new CSV files...
[2025-07-28T10:17:11.999Z] [fileWatcher] [INFO] Scanning for existing CSV files...
[2025-07-28T10:17:12.001Z] [fileWatcher] [INFO] No existing CSV files found in directory
[2025-07-28T10:17:12.006Z] [server] [INFO] Server started and listening for connections
[2025-07-28T10:17:12.008Z] [server] [INFO] File watcher initialized successfully
[2025-07-28T10:17:12.037Z] [fileWatcher] [INFO] File watcher is ready and monitoring for new CSV files...
[2025-07-28T10:17:21.951Z] [fileWatcher] [INFO] Scanning for existing CSV files...
[2025-07-28T10:17:21.954Z] [fileWatcher] [INFO] No existing CSV files found in directory
[2025-07-28T10:17:21.960Z] [server] [INFO] Server started and listening for connections
[2025-07-28T10:17:21.962Z] [server] [INFO] File watcher initialized successfully
[2025-07-28T10:17:21.994Z] [fileWatcher] [INFO] File watcher is ready and monitoring for new CSV files...
[2025-07-28T10:18:10.020Z] [server] [INFO] Server closed
[2025-07-28T10:18:11.472Z] [fileWatcher] [INFO] Scanning for existing CSV files...
[2025-07-28T10:18:11.476Z] [fileWatcher] [INFO] No existing CSV files found in directory
[2025-07-28T10:18:11.481Z] [server] [INFO] Server started and listening for connections
[2025-07-28T10:18:11.483Z] [server] [INFO] File watcher initialized successfully
[2025-07-28T10:18:11.514Z] [fileWatcher] [INFO] File watcher is ready and monitoring for new CSV files...
[2025-07-28T10:18:45.356Z] [fileWatcher] [INFO] Scanning for existing CSV files...
[2025-07-28T10:18:45.358Z] [fileWatcher] [INFO] No existing CSV files found in directory
[2025-07-28T10:18:45.362Z] [server] [INFO] Server started and listening for connections
[2025-07-28T10:18:45.366Z] [server] [INFO] File watcher initialized successfully
[2025-07-28T10:18:45.391Z] [fileWatcher] [INFO] File watcher is ready and monitoring for new CSV files...
[2025-07-28T10:18:55.222Z] [fileWatcher] [INFO] Scanning for existing CSV files...
[2025-07-28T10:18:55.224Z] [fileWatcher] [INFO] No existing CSV files found in directory
[2025-07-28T10:18:55.229Z] [server] [INFO] Server started and listening for connections
[2025-07-28T10:18:55.230Z] [server] [INFO] File watcher initialized successfully
[2025-07-28T10:18:55.259Z] [fileWatcher] [INFO] File watcher is ready and monitoring for new CSV files...
[2025-07-28T10:18:59.869Z] [server] [INFO] Server closed
[2025-07-28T10:19:06.122Z] [fileWatcher] [INFO] Scanning for existing CSV files...
[2025-07-28T10:19:06.125Z] [fileWatcher] [INFO] No existing CSV files found in directory
[2025-07-28T10:19:06.131Z] [server] [INFO] Server started and listening for connections
[2025-07-28T10:19:06.133Z] [server] [INFO] File watcher initialized successfully
[2025-07-28T10:19:06.157Z] [fileWatcher] [INFO] File watcher is ready and monitoring for new CSV files...
[2025-07-28T13:24:52.100Z] [fileWatcher] [INFO] Scanning for existing CSV files...
[2025-07-28T13:24:52.104Z] [fileWatcher] [INFO] No existing CSV files found in directory
[2025-07-28T13:27:07.428Z] [fileWatcher] [INFO] Scanning for existing CSV files...
[2025-07-28T13:27:07.431Z] [fileWatcher] [INFO] No existing CSV files found in directory
[2025-07-28T13:30:11.741Z] [fileWatcher] [INFO] Scanning for existing CSV files...
[2025-07-28T13:30:11.743Z] [fileWatcher] [INFO] No existing CSV files found in directory
[2025-07-28T13:30:40.291Z] [fileWatcher] [INFO] Scanning for existing CSV files...
[2025-07-28T13:30:40.295Z] [fileWatcher] [INFO] No existing CSV files found in directory
[2025-07-28T13:33:52.748Z] [fileWatcher] [INFO] Scanning for existing CSV files...
[2025-07-28T13:33:52.751Z] [fileWatcher] [INFO] No existing CSV files found in directory
[2025-07-28T13:33:52.851Z] [fileWatcher] [INFO] Scanning for existing CSV files...
[2025-07-28T13:33:52.854Z] [fileWatcher] [INFO] No existing CSV files found in directory
[2025-07-28T13:34:09.656Z] [fileWatcher] [INFO] Scanning for existing CSV files...
[2025-07-28T13:34:09.661Z] [fileWatcher] [INFO] No existing CSV files found in directory
[2025-07-28T13:34:50.406Z] [fileWatcher] [INFO] Scanning for existing CSV files...
[2025-07-28T13:34:50.410Z] [fileWatcher] [INFO] No existing CSV files found in directory
[2025-07-28T13:35:38.475Z] [fileWatcher] [INFO] Scanning for existing CSV files...
[2025-07-28T13:35:38.478Z] [fileWatcher] [INFO] No existing CSV files found in directory
[2025-07-28T13:39:32.835Z] [fileWatcher] [INFO] Scanning for existing CSV files...
[2025-07-28T13:39:32.839Z] [fileWatcher] [INFO] No existing CSV files found in directory
[2025-07-28T13:43:25.261Z] [fileWatcher] [INFO] Scanning for existing CSV files...
[2025-07-28T13:43:25.264Z] [fileWatcher] [INFO] No existing CSV files found in directory
[2025-07-28T13:50:34.237Z] [fileWatcher] [INFO] Scanning for existing CSV files...
[2025-07-28T13:50:34.239Z] [fileWatcher] [INFO] No existing CSV files found in directory
[2025-07-28T13:50:34.244Z] [server] [INFO] Server started and listening for connections
[2025-07-28T13:50:34.246Z] [server] [INFO] File watcher initialized successfully
[2025-07-28T13:50:34.270Z] [fileWatcher] [INFO] File watcher is ready and monitoring for new CSV files...
[2025-07-28T13:50:41.470Z] [fileWatcher] [INFO] Scanning for existing CSV files...
[2025-07-28T13:50:41.473Z] [fileWatcher] [INFO] No existing CSV files found in directory
[2025-07-28T13:50:41.478Z] [server] [INFO] Server started and listening for connections
[2025-07-28T13:50:41.480Z] [server] [INFO] File watcher initialized successfully
[2025-07-28T13:50:41.501Z] [fileWatcher] [INFO] File watcher is ready and monitoring for new CSV files...
[2025-07-28T13:50:52.982Z] [server] [INFO] Server closed
[2025-07-28T13:52:31.296Z] [fileWatcher] [INFO] Scanning for existing CSV files...
[2025-07-28T13:52:31.299Z] [fileWatcher] [INFO] No existing CSV files found in directory
[2025-07-28T13:52:31.305Z] [server] [INFO] Server started and listening for connections
[2025-07-28T13:52:31.308Z] [server] [INFO] File watcher initialized successfully
[2025-07-28T13:52:31.330Z] [fileWatcher] [INFO] File watcher is ready and monitoring for new CSV files...
[2025-07-28T14:06:07.950Z] [fileWatcher] [INFO] Scanning for existing CSV files...
[2025-07-28T14:06:07.952Z] [fileWatcher] [INFO] No existing CSV files found in directory
[2025-07-28T14:06:07.957Z] [server] [INFO] Server started and listening for connections
[2025-07-28T14:06:07.958Z] [server] [INFO] File watcher initialized successfully
[2025-07-28T14:06:07.977Z] [fileWatcher] [INFO] File watcher is ready and monitoring for new CSV files...
[2025-07-29T08:10:14.347Z] [fileWatcher] [INFO] Scanning for existing CSV files...
[2025-07-29T08:10:14.353Z] [fileWatcher] [INFO] No existing CSV files found in directory
[2025-07-29T08:10:14.372Z] [server] [INFO] Server started and listening for connections
[2025-07-29T08:10:14.381Z] [server] [INFO] File watcher initialized successfully
[2025-07-29T08:10:14.413Z] [fileWatcher] [INFO] File watcher is ready and monitoring for new CSV files...
[2025-07-29T08:21:53.047Z] [fileWatcher] [INFO] Scanning for existing CSV files...
[2025-07-29T08:21:53.052Z] [fileWatcher] [INFO] No existing CSV files found in directory
[2025-07-29T08:21:53.063Z] [server] [INFO] Server started and listening for connections
[2025-07-29T08:21:53.069Z] [server] [INFO] File watcher initialized successfully
[2025-07-29T08:21:53.120Z] [fileWatcher] [INFO] File watcher is ready and monitoring for new CSV files...
[2025-07-29T08:23:48.775Z] [fileWatcher] [INFO] Scanning for existing CSV files...
[2025-07-29T08:23:48.781Z] [fileWatcher] [INFO] No existing CSV files found in directory
[2025-07-29T08:23:48.795Z] [server] [INFO] Server started and listening for connections
[2025-07-29T08:23:48.802Z] [server] [INFO] File watcher initialized successfully
[2025-07-29T08:23:48.855Z] [fileWatcher] [INFO] File watcher is ready and monitoring for new CSV files...
[2025-07-29T08:40:35.353Z] [server] [INFO] Server closed
[2025-07-29T08:40:44.297Z] [fileWatcher] [INFO] Scanning for existing CSV files...
[2025-07-29T08:40:44.302Z] [fileWatcher] [INFO] No existing CSV files found in directory
[2025-07-29T08:40:44.311Z] [server] [INFO] Server started and listening for connections
[2025-07-29T08:40:44.317Z] [server] [INFO] File watcher initialized successfully
[2025-07-29T08:40:44.382Z] [fileWatcher] [INFO] File watcher is ready and monitoring for new CSV files...
[2025-07-29T08:49:23.663Z] [fileWatcher] [INFO] Scanning for existing CSV files...
[2025-07-29T08:49:23.668Z] [fileWatcher] [INFO] No existing CSV files found in directory
[2025-07-29T08:49:23.678Z] [server] [INFO] Server started and listening for connections
[2025-07-29T08:49:23.684Z] [server] [INFO] File watcher initialized successfully
[2025-07-29T08:49:23.740Z] [fileWatcher] [INFO] File watcher is ready and monitoring for new CSV files...
[2025-07-29T10:18:49.668Z] [fileWatcher] [INFO] Scanning for existing CSV files...
[2025-07-29T10:18:49.671Z] [fileWatcher] [INFO] No existing CSV files found in directory
[2025-07-29T10:18:49.676Z] [server] [INFO] Server started and listening for connections
[2025-07-29T10:18:49.678Z] [server] [INFO] File watcher initialized successfully
[2025-07-29T10:18:49.698Z] [fileWatcher] [INFO] File watcher is ready and monitoring for new CSV files...
[2025-07-29T10:20:05.377Z] [fileWatcher] [INFO] Scanning for existing CSV files...
[2025-07-29T10:20:05.385Z] [fileWatcher] [INFO] No existing CSV files found in directory
[2025-07-29T10:20:05.401Z] [server] [INFO] Server started and listening for connections
[2025-07-29T10:20:05.410Z] [server] [INFO] File watcher initialized successfully
[2025-07-29T10:20:05.467Z] [fileWatcher] [INFO] File watcher is ready and monitoring for new CSV files...
[2025-07-29T10:20:40.493Z] [socket] [INFO] New client connected to log stream
[2025-07-29T10:20:47.326Z] [socket] [INFO] Client disconnected from log stream
[2025-07-29T10:22:05.275Z] [socket] [INFO] New client connected to log stream
[2025-07-29T10:22:14.653Z] [socket] [INFO] Client disconnected from log stream
[2025-07-29T10:30:02.241Z] [socket] [INFO] New client connected to log stream
[2025-07-29T10:30:19.594Z] [socket] [INFO] Client disconnected from log stream
[2025-07-29T10:49:54.500Z] [fileWatcher] [INFO] Scanning for existing CSV files...
[2025-07-29T10:49:54.506Z] [fileWatcher] [INFO] No existing CSV files found in directory
[2025-07-29T10:49:54.519Z] [server] [INFO] Server started and listening for connections
[2025-07-29T10:49:54.524Z] [server] [INFO] File watcher initialized successfully
[2025-07-29T10:49:54.570Z] [fileWatcher] [INFO] File watcher is ready and monitoring for new CSV files...
[2025-08-06T06:31:54.434Z] [fileWatcher] [INFO] Scanning for existing CSV files...
[2025-08-06T06:31:54.437Z] [fileWatcher] [INFO] No existing CSV files found in directory
[2025-08-06T06:31:54.441Z] [server] [INFO] Server started and listening for connections
[2025-08-06T06:31:54.444Z] [server] [INFO] File watcher initialized successfully
[2025-08-06T06:31:54.476Z] [fileWatcher] [INFO] File watcher is ready and monitoring for new CSV files...
